# JRE version: Java(TM) SE Runtime Environment (7.0_55-b13) (build 1.7.0_55-b13)
# Java VM: Java HotSpot(TM) Client VM (24.55-b03 mixed mode, sharing windows-x86 )
Heap
 def new generation   total 4928K, used 1123K [0x24710000, 0x24c60000, 0x29c60000)
  eden space 4416K,  24% used [0x24710000, 0x2481fc98, 0x24b60000)
  from space 512K,   7% used [0x24be0000, 0x24be9100, 0x24c60000)
  to   space 512K,   0% used [0x24b60000, 0x24b60000, 0x24be0000)
 tenured generation   total 10944K, used 288K [0x29c60000, 0x2a710000, 0x34710000)
   the space 10944K,   2% used [0x29c60000, 0x29ca81e0, 0x29ca8200, 0x2a710000)
 compacting perm gen  total 12288K, used 635K [0x34710000, 0x35310000, 0x38710000)
   the space 12288K,   5% used [0x34710000, 0x347aece0, 0x347aee00, 0x35310000)
    ro space 10240K,  44% used [0x38710000, 0x38b88300, 0x38b88400, 0x39110000)
    rw space 12288K,  52% used [0x39110000, 0x3975f100, 0x3975f200, 0x39d10000)
GC Heap History (10 events):
Event: 485.603 GC heap before
{Heap before GC invocations=0 (full 0):
 def new generation   total 4928K, used 4416K [0x24710000, 0x24c60000, 0x29c60000)
  eden space 4416K, 100% used [0x24710000, 0x24b60000, 0x24b60000)
  from space 512K,   0% used [0x24b60000, 0x24b60000, 0x24be0000)
  to   space 512K,   0% used [0x24be0000, 0x24be0000, 0x24c60000)
 tenured generation   total 10944K, used 0K [0x29c60000, 0x2a710000, 0x34710000)
   the space 10944K,   0% used [0x29c60000, 0x29c60000, 0x29c60200, 0x2a710000)
 compacting perm gen  total 12288K, used 635K [0x34710000, 0x35310000, 0x38710000)
   the space 12288K,   5% used [0x34710000, 0x347aec80, 0x347aee00, 0x35310000)
    ro space 10240K,  44% used [0x38710000, 0x38b88300, 0x38b88400, 0x39110000)
    rw space 12288K,  52% used [0x39110000, 0x3975f100, 0x3975f200, 0x39d10000)
Event: 485.605 GC heap after
Heap after GC invocations=1 (full 0):
 def new generation   total 4928K, used 485K [0x24710000, 0x24c60000, 0x29c60000)
  eden space 4416K,   0% used [0x24710000, 0x24710000, 0x24b60000)
  from space 512K,  94% used [0x24be0000, 0x24c59618, 0x24c60000)
  to   space 512K,   0% used [0x24b60000, 0x24b60000, 0x24be0000)
 tenured generation   total 10944K, used 0K [0x29c60000, 0x2a710000, 0x34710000)
   the space 10944K,   0% used [0x29c60000, 0x29c60000, 0x29c60200, 0x2a710000)
 compacting perm gen  total 12288K, used 635K [0x34710000, 0x35310000, 0x38710000)
   the space 12288K,   5% used [0x34710000, 0x347aec80, 0x347aee00, 0x35310000)
    ro space 10240K,  44% used [0x38710000, 0x38b88300, 0x38b88400, 0x39110000)
    rw space 12288K,  52% used [0x39110000, 0x3975f100, 0x3975f200, 0x39d10000)
}
Event: 540.979 GC heap before
{Heap before GC invocations=1 (full 0):
 def new generation   total 4928K, used 4901K [0x24710000, 0x24c60000, 0x29c60000)
  eden space 4416K, 100% used [0x24710000, 0x24b60000, 0x24b60000)
  from space 512K,  94% used [0x24be0000, 0x24c59618, 0x24c60000)
  to   space 512K,   0% used [0x24b60000, 0x24b60000, 0x24be0000)
 tenured generation   total 10944K, used 0K [0x29c60000, 0x2a710000, 0x34710000)
   the space 10944K,   0% used [0x29c60000, 0x29c60000, 0x29c60200, 0x2a710000)
 compacting perm gen  total 12288K, used 635K [0x34710000, 0x35310000, 0x38710000)
   the space 12288K,   5% used [0x34710000, 0x347aec90, 0x347aee00, 0x35310000)
    ro space 10240K,  44% used [0x38710000, 0x38b88300, 0x38b88400, 0x39110000)
    rw space 12288K,  52% used [0x39110000, 0x3975f100, 0x3975f200, 0x39d10000)
Event: 540.980 GC heap after
Heap after GC invocations=2 (full 0):
 def new generation   total 4928K, used 0K [0x24710000, 0x24c60000, 0x29c60000)
  eden space 4416K,   0% used [0x24710000, 0x24710000, 0x24b60000)
  from space 512K,   0% used [0x24b60000, 0x24b60310, 0x24be0000)
  to   space 512K,   0% used [0x24be0000, 0x24be0000, 0x24c60000)
 tenured generation   total 10944K, used 288K [0x29c60000, 0x2a710000, 0x34710000)
   the space 10944K,   2% used [0x29c60000, 0x29ca81e0, 0x29ca8200, 0x2a710000)
 compacting perm gen  total 12288K, used 635K [0x34710000, 0x35310000, 0x38710000)
   the space 12288K,   5% used [0x34710000, 0x347aec90, 0x347aee00, 0x35310000)
    ro space 10240K,  44% used [0x38710000, 0x38b88300, 0x38b88400, 0x39110000)
    rw space 12288K,  52% used [0x39110000, 0x3975f100, 0x3975f200, 0x39d10000)
}
Event: 2487.292 GC heap before
{Heap before GC invocations=2 (full 0):
 def new generation   total 4928K, used 4416K [0x24710000, 0x24c60000, 0x29c60000)
  eden space 4416K, 100% used [0x24710000, 0x24b60000, 0x24b60000)
  from space 512K,   0% used [0x24b60000, 0x24b60310, 0x24be0000)
  to   space 512K,   0% used [0x24be0000, 0x24be0000, 0x24c60000)
 tenured generation   total 10944K, used 288K [0x29c60000, 0x2a710000, 0x34710000)
   the space 10944K,   2% used [0x29c60000, 0x29ca81e0, 0x29ca8200, 0x2a710000)
 compacting perm gen  total 12288K, used 635K [0x34710000, 0x35310000, 0x38710000)
   the space 12288K,   5% used [0x34710000, 0x347aecb0, 0x347aee00, 0x35310000)
    ro space 10240K,  44% used [0x38710000, 0x38b88300, 0x38b88400, 0x39110000)
    rw space 12288K,  52% used [0x39110000, 0x3975f100, 0x3975f200, 0x39d10000)
Event: 2487.292 GC heap after
Heap after GC invocations=3 (full 0):
 def new generation   total 4928K, used 12K [0x24710000, 0x24c60000, 0x29c60000)
  eden space 4416K,   0% used [0x24710000, 0x24710000, 0x24b60000)
  from space 512K,   2% used [0x24be0000, 0x24be3350, 0x24c60000)
  to   space 512K,   0% used [0x24b60000, 0x24b60000, 0x24be0000)
 tenured generation   total 10944K, used 288K [0x29c60000, 0x2a710000, 0x34710000)
   the space 10944K,   2% used [0x29c60000, 0x29ca81e0, 0x29ca8200, 0x2a710000)
 compacting perm gen  total 12288K, used 635K [0x34710000, 0x35310000, 0x38710000)
   the space 12288K,   5% used [0x34710000, 0x347aecb0, 0x347aee00, 0x35310000)
    ro space 10240K,  44% used [0x38710000, 0x38b88300, 0x38b88400, 0x39110000)
    rw space 12288K,  52% used [0x39110000, 0x3975f100, 0x3975f200, 0x39d10000)
}
Event: 2909.521 GC heap before
{Heap before GC invocations=3 (full 0):
 def new generation   total 4928K, used 4428K [0x24710000, 0x24c60000, 0x29c60000)
  eden space 4416K, 100% used [0x24710000, 0x24b60000, 0x24b60000)
  from space 512K,   2% used [0x24be0000, 0x24be3350, 0x24c60000)
  to   space 512K,   0% used [0x24b60000, 0x24b60000, 0x24be0000)
 tenured generation   total 10944K, used 288K [0x29c60000, 0x2a710000, 0x34710000)
   the space 10944K,   2% used [0x29c60000, 0x29ca81e0, 0x29ca8200, 0x2a710000)
 compacting perm gen  total 12288K, used 635K [0x34710000, 0x35310000, 0x38710000)
   the space 12288K,   5% used [0x34710000, 0x347aece0, 0x347aee00, 0x35310000)
    ro space 10240K,  44% used [0x38710000, 0x38b88300, 0x38b88400, 0x39110000)
    rw space 12288K,  52% used [0x39110000, 0x3975f100, 0x3975f200, 0x39d10000)
Event: 2909.521 GC heap after
Heap after GC invocations=4 (full 0):
 def new generation   total 4928K, used 28K [0x24710000, 0x24c60000, 0x29c60000)
  eden space 4416K,   0% used [0x24710000, 0x24710000, 0x24b60000)
  from space 512K,   5% used [0x24b60000, 0x24b67378, 0x24be0000)
  to   space 512K,   0% used [0x24be0000, 0x24be0000, 0x24c60000)
 tenured generation   total 10944K, used 288K [0x29c60000, 0x2a710000, 0x34710000)
   the space 10944K,   2% used [0x29c60000, 0x29ca81e0, 0x29ca8200, 0x2a710000)
 compacting perm gen  total 12288K, used 635K [0x34710000, 0x35310000, 0x38710000)
   the space 12288K,   5% used [0x34710000, 0x347aece0, 0x347aee00, 0x35310000)
    ro space 10240K,  44% used [0x38710000, 0x38b88300, 0x38b88400, 0x39110000)
    rw space 12288K,  52% used [0x39110000, 0x3975f100, 0x3975f200, 0x39d10000)
}
Event: 3050.410 GC heap before
{Heap before GC invocations=4 (full 0):
 def new generation   total 4928K, used 4444K [0x24710000, 0x24c60000, 0x29c60000)
  eden space 4416K, 100% used [0x24710000, 0x24b60000, 0x24b60000)
  from space 512K,   5% used [0x24b60000, 0x24b67378, 0x24be0000)
  to   space 512K,   0% used [0x24be0000, 0x24be0000, 0x24c60000)
 tenured generation   total 10944K, used 288K [0x29c60000, 0x2a710000, 0x34710000)
   the space 10944K,   2% used [0x29c60000, 0x29ca81e0, 0x29ca8200, 0x2a710000)
 compacting perm gen  total 12288K, used 635K [0x34710000, 0x35310000, 0x38710000)
   the space 12288K,   5% used [0x34710000, 0x347aece0, 0x347aee00, 0x35310000)
    ro space 10240K,  44% used [0x38710000, 0x38b88300, 0x38b88400, 0x39110000)
    rw space 12288K,  52% used [0x39110000, 0x3975f100, 0x3975f200, 0x39d10000)
Event: 3050.410 GC heap after
Heap after GC invocations=5 (full 0):
 def new generation   total 4928K, used 36K [0x24710000, 0x24c60000, 0x29c60000)
  eden space 4416K,   0% used [0x24710000, 0x24710000, 0x24b60000)
  from space 512K,   7% used [0x24be0000, 0x24be9100, 0x24c60000)
  to   space 512K,   0% used [0x24b60000, 0x24b60000, 0x24be0000)
 tenured generation   total 10944K, used 288K [0x29c60000, 0x2a710000, 0x34710000)
   the space 10944K,   2% used [0x29c60000, 0x29ca81e0, 0x29ca8200, 0x2a710000)
 compacting perm gen  total 12288K, used 635K [0x34710000, 0x35310000, 0x38710000)
   the space 12288K,   5% used [0x34710000, 0x347aece0, 0x347aee00, 0x35310000)
    ro space 10240K,  44% used [0x38710000, 0x38b88300, 0x38b88400, 0x39110000)
    rw space 12288K,  52% used [0x39110000, 0x3975f100, 0x3975f200, 0x39d10000)
}

