# JRE version: Java(TM) SE Runtime Environment (7.0_55-b13) (build 1.7.0_55-b13)
# Java VM: Java HotSpot(TM) Client VM (24.55-b03 mixed mode, sharing windows-x86 )
Heap
 def new generation   total 4928K, used 3427K [0x24710000, 0x24c60000, 0x29c60000)
  eden space 4416K,  77% used [0x24710000, 0x24a68ab0, 0x24b60000)
  from space 512K,   0% used [0x24be0000, 0x24be0260, 0x24c60000)
  to   space 512K,   0% used [0x24b60000, 0x24b60000, 0x24be0000)
 tenured generation   total 10944K, used 347K [0x29c60000, 0x2a710000, 0x34710000)
   the space 10944K,   3% used [0x29c60000, 0x29cb6c28, 0x29cb6e00, 0x2a710000)
 compacting perm gen  total 12288K, used 639K [0x34710000, 0x35310000, 0x38710000)
   the space 12288K,   5% used [0x34710000, 0x347affd8, 0x347b0000, 0x35310000)
    ro space 10240K,  44% used [0x38710000, 0x38b88300, 0x38b88400, 0x39110000)
    rw space 12288K,  52% used [0x39110000, 0x3975f100, 0x3975f200, 0x39d10000)
GC Heap History (10 events):
Event: 2483.931 GC heap before
{Heap before GC invocations=1352 (full 0):
 def new generation   total 4928K, used 4416K [0x24710000, 0x24c60000, 0x29c60000)
  eden space 4416K, 100% used [0x24710000, 0x24b60000, 0x24b60000)
  from space 512K,   0% used [0x24b60000, 0x24b60180, 0x24be0000)
  to   space 512K,   0% used [0x24be0000, 0x24be0000, 0x24c60000)
 tenured generation   total 10944K, used 347K [0x29c60000, 0x2a710000, 0x34710000)
   the space 10944K,   3% used [0x29c60000, 0x29cb6c28, 0x29cb6e00, 0x2a710000)
 compacting perm gen  total 12288K, used 639K [0x34710000, 0x35310000, 0x38710000)
   the space 12288K,   5% used [0x34710000, 0x347affd8, 0x347b0000, 0x35310000)
    ro space 10240K,  44% used [0x38710000, 0x38b88300, 0x38b88400, 0x39110000)
    rw space 12288K,  52% used [0x39110000, 0x3975f100, 0x3975f200, 0x39d10000)
Event: 2483.931 GC heap after
Heap after GC invocations=1353 (full 0):
 def new generation   total 4928K, used 0K [0x24710000, 0x24c60000, 0x29c60000)
  eden space 4416K,   0% used [0x24710000, 0x24710000, 0x24b60000)
  from space 512K,   0% used [0x24be0000, 0x24be0280, 0x24c60000)
  to   space 512K,   0% used [0x24b60000, 0x24b60000, 0x24be0000)
 tenured generation   total 10944K, used 347K [0x29c60000, 0x2a710000, 0x34710000)
   the space 10944K,   3% used [0x29c60000, 0x29cb6c28, 0x29cb6e00, 0x2a710000)
 compacting perm gen  total 12288K, used 639K [0x34710000, 0x35310000, 0x38710000)
   the space 12288K,   5% used [0x34710000, 0x347affd8, 0x347b0000, 0x35310000)
    ro space 10240K,  44% used [0x38710000, 0x38b88300, 0x38b88400, 0x39110000)
    rw space 12288K,  52% used [0x39110000, 0x3975f100, 0x3975f200, 0x39d10000)
}
Event: 2484.062 GC heap before
{Heap before GC invocations=1353 (full 0):
 def new generation   total 4928K, used 4416K [0x24710000, 0x24c60000, 0x29c60000)
  eden space 4416K, 100% used [0x24710000, 0x24b60000, 0x24b60000)
  from space 512K,   0% used [0x24be0000, 0x24be0280, 0x24c60000)
  to   space 512K,   0% used [0x24b60000, 0x24b60000, 0x24be0000)
 tenured generation   total 10944K, used 347K [0x29c60000, 0x2a710000, 0x34710000)
   the space 10944K,   3% used [0x29c60000, 0x29cb6c28, 0x29cb6e00, 0x2a710000)
 compacting perm gen  total 12288K, used 639K [0x34710000, 0x35310000, 0x38710000)
   the space 12288K,   5% used [0x34710000, 0x347affd8, 0x347b0000, 0x35310000)
    ro space 10240K,  44% used [0x38710000, 0x38b88300, 0x38b88400, 0x39110000)
    rw space 12288K,  52% used [0x39110000, 0x3975f100, 0x3975f200, 0x39d10000)
Event: 2484.062 GC heap after
Heap after GC invocations=1354 (full 0):
 def new generation   total 4928K, used 0K [0x24710000, 0x24c60000, 0x29c60000)
  eden space 4416K,   0% used [0x24710000, 0x24710000, 0x24b60000)
  from space 512K,   0% used [0x24b60000, 0x24b602a8, 0x24be0000)
  to   space 512K,   0% used [0x24be0000, 0x24be0000, 0x24c60000)
 tenured generation   total 10944K, used 347K [0x29c60000, 0x2a710000, 0x34710000)
   the space 10944K,   3% used [0x29c60000, 0x29cb6c28, 0x29cb6e00, 0x2a710000)
 compacting perm gen  total 12288K, used 639K [0x34710000, 0x35310000, 0x38710000)
   the space 12288K,   5% used [0x34710000, 0x347affd8, 0x347b0000, 0x35310000)
    ro space 10240K,  44% used [0x38710000, 0x38b88300, 0x38b88400, 0x39110000)
    rw space 12288K,  52% used [0x39110000, 0x3975f100, 0x3975f200, 0x39d10000)
}
Event: 2484.189 GC heap before
{Heap before GC invocations=1354 (full 0):
 def new generation   total 4928K, used 4416K [0x24710000, 0x24c60000, 0x29c60000)
  eden space 4416K, 100% used [0x24710000, 0x24b60000, 0x24b60000)
  from space 512K,   0% used [0x24b60000, 0x24b602a8, 0x24be0000)
  to   space 512K,   0% used [0x24be0000, 0x24be0000, 0x24c60000)
 tenured generation   total 10944K, used 347K [0x29c60000, 0x2a710000, 0x34710000)
   the space 10944K,   3% used [0x29c60000, 0x29cb6c28, 0x29cb6e00, 0x2a710000)
 compacting perm gen  total 12288K, used 639K [0x34710000, 0x35310000, 0x38710000)
   the space 12288K,   5% used [0x34710000, 0x347affd8, 0x347b0000, 0x35310000)
    ro space 10240K,  44% used [0x38710000, 0x38b88300, 0x38b88400, 0x39110000)
    rw space 12288K,  52% used [0x39110000, 0x3975f100, 0x3975f200, 0x39d10000)
Event: 2484.189 GC heap after
Heap after GC invocations=1355 (full 0):
 def new generation   total 4928K, used 0K [0x24710000, 0x24c60000, 0x29c60000)
  eden space 4416K,   0% used [0x24710000, 0x24710000, 0x24b60000)
  from space 512K,   0% used [0x24be0000, 0x24be0250, 0x24c60000)
  to   space 512K,   0% used [0x24b60000, 0x24b60000, 0x24be0000)
 tenured generation   total 10944K, used 347K [0x29c60000, 0x2a710000, 0x34710000)
   the space 10944K,   3% used [0x29c60000, 0x29cb6c28, 0x29cb6e00, 0x2a710000)
 compacting perm gen  total 12288K, used 639K [0x34710000, 0x35310000, 0x38710000)
   the space 12288K,   5% used [0x34710000, 0x347affd8, 0x347b0000, 0x35310000)
    ro space 10240K,  44% used [0x38710000, 0x38b88300, 0x38b88400, 0x39110000)
    rw space 12288K,  52% used [0x39110000, 0x3975f100, 0x3975f200, 0x39d10000)
}
Event: 2484.313 GC heap before
{Heap before GC invocations=1355 (full 0):
 def new generation   total 4928K, used 4416K [0x24710000, 0x24c60000, 0x29c60000)
  eden space 4416K, 100% used [0x24710000, 0x24b60000, 0x24b60000)
  from space 512K,   0% used [0x24be0000, 0x24be0250, 0x24c60000)
  to   space 512K,   0% used [0x24b60000, 0x24b60000, 0x24be0000)
 tenured generation   total 10944K, used 347K [0x29c60000, 0x2a710000, 0x34710000)
   the space 10944K,   3% used [0x29c60000, 0x29cb6c28, 0x29cb6e00, 0x2a710000)
 compacting perm gen  total 12288K, used 639K [0x34710000, 0x35310000, 0x38710000)
   the space 12288K,   5% used [0x34710000, 0x347affd8, 0x347b0000, 0x35310000)
    ro space 10240K,  44% used [0x38710000, 0x38b88300, 0x38b88400, 0x39110000)
    rw space 12288K,  52% used [0x39110000, 0x3975f100, 0x3975f200, 0x39d10000)
Event: 2484.313 GC heap after
Heap after GC invocations=1356 (full 0):
 def new generation   total 4928K, used 0K [0x24710000, 0x24c60000, 0x29c60000)
  eden space 4416K,   0% used [0x24710000, 0x24710000, 0x24b60000)
  from space 512K,   0% used [0x24b60000, 0x24b60250, 0x24be0000)
  to   space 512K,   0% used [0x24be0000, 0x24be0000, 0x24c60000)
 tenured generation   total 10944K, used 347K [0x29c60000, 0x2a710000, 0x34710000)
   the space 10944K,   3% used [0x29c60000, 0x29cb6c28, 0x29cb6e00, 0x2a710000)
 compacting perm gen  total 12288K, used 639K [0x34710000, 0x35310000, 0x38710000)
   the space 12288K,   5% used [0x34710000, 0x347affd8, 0x347b0000, 0x35310000)
    ro space 10240K,  44% used [0x38710000, 0x38b88300, 0x38b88400, 0x39110000)
    rw space 12288K,  52% used [0x39110000, 0x3975f100, 0x3975f200, 0x39d10000)
}
Event: 2484.433 GC heap before
{Heap before GC invocations=1356 (full 0):
 def new generation   total 4928K, used 4416K [0x24710000, 0x24c60000, 0x29c60000)
  eden space 4416K, 100% used [0x24710000, 0x24b60000, 0x24b60000)
  from space 512K,   0% used [0x24b60000, 0x24b60250, 0x24be0000)
  to   space 512K,   0% used [0x24be0000, 0x24be0000, 0x24c60000)
 tenured generation   total 10944K, used 347K [0x29c60000, 0x2a710000, 0x34710000)
   the space 10944K,   3% used [0x29c60000, 0x29cb6c28, 0x29cb6e00, 0x2a710000)
 compacting perm gen  total 12288K, used 639K [0x34710000, 0x35310000, 0x38710000)
   the space 12288K,   5% used [0x34710000, 0x347affd8, 0x347b0000, 0x35310000)
    ro space 10240K,  44% used [0x38710000, 0x38b88300, 0x38b88400, 0x39110000)
    rw space 12288K,  52% used [0x39110000, 0x3975f100, 0x3975f200, 0x39d10000)
Event: 2484.433 GC heap after
Heap after GC invocations=1357 (full 0):
 def new generation   total 4928K, used 0K [0x24710000, 0x24c60000, 0x29c60000)
  eden space 4416K,   0% used [0x24710000, 0x24710000, 0x24b60000)
  from space 512K,   0% used [0x24be0000, 0x24be0260, 0x24c60000)
  to   space 512K,   0% used [0x24b60000, 0x24b60000, 0x24be0000)
 tenured generation   total 10944K, used 347K [0x29c60000, 0x2a710000, 0x34710000)
   the space 10944K,   3% used [0x29c60000, 0x29cb6c28, 0x29cb6e00, 0x2a710000)
 compacting perm gen  total 12288K, used 639K [0x34710000, 0x35310000, 0x38710000)
   the space 12288K,   5% used [0x34710000, 0x347affd8, 0x347b0000, 0x35310000)
    ro space 10240K,  44% used [0x38710000, 0x38b88300, 0x38b88400, 0x39110000)
    rw space 12288K,  52% used [0x39110000, 0x3975f100, 0x3975f200, 0x39d10000)
}

