# JRE version: Java(TM) SE Runtime Environment (7.0_55-b13) (build 1.7.0_55-b13)
# Java VM: Java HotSpot(TM) Client VM (24.55-b03 mixed mode, sharing windows-x86 )
Heap
 def new generation   total 4928K, used 1075K [0x24710000, 0x24c60000, 0x29c60000)
  eden space 4416K,  24% used [0x24710000, 0x2481cb90, 0x24b60000)
  from space 512K,   0% used [0x24be0000, 0x24be0118, 0x24c60000)
  to   space 512K,   0% used [0x24b60000, 0x24b60000, 0x24be0000)
 tenured generation   total 10944K, used 329K [0x29c60000, 0x2a710000, 0x34710000)
   the space 10944K,   3% used [0x29c60000, 0x29cb2740, 0x29cb2800, 0x2a710000)
 compacting perm gen  total 12288K, used 637K [0x34710000, 0x35310000, 0x38710000)
   the space 12288K,   5% used [0x34710000, 0x347af590, 0x347af600, 0x35310000)
    ro space 10240K,  44% used [0x38710000, 0x38b88300, 0x38b88400, 0x39110000)
    rw space 12288K,  52% used [0x39110000, 0x3975f100, 0x3975f200, 0x39d10000)
GC Heap History (10 events):
Event: 190.320 GC heap before
{Heap before GC invocations=434 (full 0):
 def new generation   total 4928K, used 4416K [0x24710000, 0x24c60000, 0x29c60000)
  eden space 4416K, 100% used [0x24710000, 0x24b60000, 0x24b60000)
  from space 512K,   0% used [0x24b60000, 0x24b600e0, 0x24be0000)
  to   space 512K,   0% used [0x24be0000, 0x24be0000, 0x24c60000)
 tenured generation   total 10944K, used 329K [0x29c60000, 0x2a710000, 0x34710000)
   the space 10944K,   3% used [0x29c60000, 0x29cb2740, 0x29cb2800, 0x2a710000)
 compacting perm gen  total 12288K, used 637K [0x34710000, 0x35310000, 0x38710000)
   the space 12288K,   5% used [0x34710000, 0x347af590, 0x347af600, 0x35310000)
    ro space 10240K,  44% used [0x38710000, 0x38b88300, 0x38b88400, 0x39110000)
    rw space 12288K,  52% used [0x39110000, 0x3975f100, 0x3975f200, 0x39d10000)
Event: 190.321 GC heap after
Heap after GC invocations=435 (full 0):
 def new generation   total 4928K, used 0K [0x24710000, 0x24c60000, 0x29c60000)
  eden space 4416K,   0% used [0x24710000, 0x24710000, 0x24b60000)
  from space 512K,   0% used [0x24be0000, 0x24be0118, 0x24c60000)
  to   space 512K,   0% used [0x24b60000, 0x24b60000, 0x24be0000)
 tenured generation   total 10944K, used 329K [0x29c60000, 0x2a710000, 0x34710000)
   the space 10944K,   3% used [0x29c60000, 0x29cb2740, 0x29cb2800, 0x2a710000)
 compacting perm gen  total 12288K, used 637K [0x34710000, 0x35310000, 0x38710000)
   the space 12288K,   5% used [0x34710000, 0x347af590, 0x347af600, 0x35310000)
    ro space 10240K,  44% used [0x38710000, 0x38b88300, 0x38b88400, 0x39110000)
    rw space 12288K,  52% used [0x39110000, 0x3975f100, 0x3975f200, 0x39d10000)
}
Event: 190.711 GC heap before
{Heap before GC invocations=435 (full 0):
 def new generation   total 4928K, used 4416K [0x24710000, 0x24c60000, 0x29c60000)
  eden space 4416K, 100% used [0x24710000, 0x24b60000, 0x24b60000)
  from space 512K,   0% used [0x24be0000, 0x24be0118, 0x24c60000)
  to   space 512K,   0% used [0x24b60000, 0x24b60000, 0x24be0000)
 tenured generation   total 10944K, used 329K [0x29c60000, 0x2a710000, 0x34710000)
   the space 10944K,   3% used [0x29c60000, 0x29cb2740, 0x29cb2800, 0x2a710000)
 compacting perm gen  total 12288K, used 637K [0x34710000, 0x35310000, 0x38710000)
   the space 12288K,   5% used [0x34710000, 0x347af590, 0x347af600, 0x35310000)
    ro space 10240K,  44% used [0x38710000, 0x38b88300, 0x38b88400, 0x39110000)
    rw space 12288K,  52% used [0x39110000, 0x3975f100, 0x3975f200, 0x39d10000)
Event: 190.711 GC heap after
Heap after GC invocations=436 (full 0):
 def new generation   total 4928K, used 0K [0x24710000, 0x24c60000, 0x29c60000)
  eden space 4416K,   0% used [0x24710000, 0x24710000, 0x24b60000)
  from space 512K,   0% used [0x24b60000, 0x24b60118, 0x24be0000)
  to   space 512K,   0% used [0x24be0000, 0x24be0000, 0x24c60000)
 tenured generation   total 10944K, used 329K [0x29c60000, 0x2a710000, 0x34710000)
   the space 10944K,   3% used [0x29c60000, 0x29cb2740, 0x29cb2800, 0x2a710000)
 compacting perm gen  total 12288K, used 637K [0x34710000, 0x35310000, 0x38710000)
   the space 12288K,   5% used [0x34710000, 0x347af590, 0x347af600, 0x35310000)
    ro space 10240K,  44% used [0x38710000, 0x38b88300, 0x38b88400, 0x39110000)
    rw space 12288K,  52% used [0x39110000, 0x3975f100, 0x3975f200, 0x39d10000)
}
Event: 191.114 GC heap before
{Heap before GC invocations=436 (full 0):
 def new generation   total 4928K, used 4416K [0x24710000, 0x24c60000, 0x29c60000)
  eden space 4416K, 100% used [0x24710000, 0x24b60000, 0x24b60000)
  from space 512K,   0% used [0x24b60000, 0x24b60118, 0x24be0000)
  to   space 512K,   0% used [0x24be0000, 0x24be0000, 0x24c60000)
 tenured generation   total 10944K, used 329K [0x29c60000, 0x2a710000, 0x34710000)
   the space 10944K,   3% used [0x29c60000, 0x29cb2740, 0x29cb2800, 0x2a710000)
 compacting perm gen  total 12288K, used 637K [0x34710000, 0x35310000, 0x38710000)
   the space 12288K,   5% used [0x34710000, 0x347af590, 0x347af600, 0x35310000)
    ro space 10240K,  44% used [0x38710000, 0x38b88300, 0x38b88400, 0x39110000)
    rw space 12288K,  52% used [0x39110000, 0x3975f100, 0x3975f200, 0x39d10000)
Event: 191.114 GC heap after
Heap after GC invocations=437 (full 0):
 def new generation   total 4928K, used 0K [0x24710000, 0x24c60000, 0x29c60000)
  eden space 4416K,   0% used [0x24710000, 0x24710000, 0x24b60000)
  from space 512K,   0% used [0x24be0000, 0x24be0068, 0x24c60000)
  to   space 512K,   0% used [0x24b60000, 0x24b60000, 0x24be0000)
 tenured generation   total 10944K, used 329K [0x29c60000, 0x2a710000, 0x34710000)
   the space 10944K,   3% used [0x29c60000, 0x29cb2740, 0x29cb2800, 0x2a710000)
 compacting perm gen  total 12288K, used 637K [0x34710000, 0x35310000, 0x38710000)
   the space 12288K,   5% used [0x34710000, 0x347af590, 0x347af600, 0x35310000)
    ro space 10240K,  44% used [0x38710000, 0x38b88300, 0x38b88400, 0x39110000)
    rw space 12288K,  52% used [0x39110000, 0x3975f100, 0x3975f200, 0x39d10000)
}
Event: 193.379 GC heap before
{Heap before GC invocations=437 (full 0):
 def new generation   total 4928K, used 4416K [0x24710000, 0x24c60000, 0x29c60000)
  eden space 4416K, 100% used [0x24710000, 0x24b60000, 0x24b60000)
  from space 512K,   0% used [0x24be0000, 0x24be0068, 0x24c60000)
  to   space 512K,   0% used [0x24b60000, 0x24b60000, 0x24be0000)
 tenured generation   total 10944K, used 329K [0x29c60000, 0x2a710000, 0x34710000)
   the space 10944K,   3% used [0x29c60000, 0x29cb2740, 0x29cb2800, 0x2a710000)
 compacting perm gen  total 12288K, used 637K [0x34710000, 0x35310000, 0x38710000)
   the space 12288K,   5% used [0x34710000, 0x347af590, 0x347af600, 0x35310000)
    ro space 10240K,  44% used [0x38710000, 0x38b88300, 0x38b88400, 0x39110000)
    rw space 12288K,  52% used [0x39110000, 0x3975f100, 0x3975f200, 0x39d10000)
Event: 193.379 GC heap after
Heap after GC invocations=438 (full 0):
 def new generation   total 4928K, used 0K [0x24710000, 0x24c60000, 0x29c60000)
  eden space 4416K,   0% used [0x24710000, 0x24710000, 0x24b60000)
  from space 512K,   0% used [0x24b60000, 0x24b600e0, 0x24be0000)
  to   space 512K,   0% used [0x24be0000, 0x24be0000, 0x24c60000)
 tenured generation   total 10944K, used 329K [0x29c60000, 0x2a710000, 0x34710000)
   the space 10944K,   3% used [0x29c60000, 0x29cb2740, 0x29cb2800, 0x2a710000)
 compacting perm gen  total 12288K, used 637K [0x34710000, 0x35310000, 0x38710000)
   the space 12288K,   5% used [0x34710000, 0x347af590, 0x347af600, 0x35310000)
    ro space 10240K,  44% used [0x38710000, 0x38b88300, 0x38b88400, 0x39110000)
    rw space 12288K,  52% used [0x39110000, 0x3975f100, 0x3975f200, 0x39d10000)
}
Event: 193.707 GC heap before
{Heap before GC invocations=438 (full 0):
 def new generation   total 4928K, used 4416K [0x24710000, 0x24c60000, 0x29c60000)
  eden space 4416K, 100% used [0x24710000, 0x24b60000, 0x24b60000)
  from space 512K,   0% used [0x24b60000, 0x24b600e0, 0x24be0000)
  to   space 512K,   0% used [0x24be0000, 0x24be0000, 0x24c60000)
 tenured generation   total 10944K, used 329K [0x29c60000, 0x2a710000, 0x34710000)
   the space 10944K,   3% used [0x29c60000, 0x29cb2740, 0x29cb2800, 0x2a710000)
 compacting perm gen  total 12288K, used 637K [0x34710000, 0x35310000, 0x38710000)
   the space 12288K,   5% used [0x34710000, 0x347af590, 0x347af600, 0x35310000)
    ro space 10240K,  44% used [0x38710000, 0x38b88300, 0x38b88400, 0x39110000)
    rw space 12288K,  52% used [0x39110000, 0x3975f100, 0x3975f200, 0x39d10000)
Event: 193.707 GC heap after
Heap after GC invocations=439 (full 0):
 def new generation   total 4928K, used 0K [0x24710000, 0x24c60000, 0x29c60000)
  eden space 4416K,   0% used [0x24710000, 0x24710000, 0x24b60000)
  from space 512K,   0% used [0x24be0000, 0x24be0118, 0x24c60000)
  to   space 512K,   0% used [0x24b60000, 0x24b60000, 0x24be0000)
 tenured generation   total 10944K, used 329K [0x29c60000, 0x2a710000, 0x34710000)
   the space 10944K,   3% used [0x29c60000, 0x29cb2740, 0x29cb2800, 0x2a710000)
 compacting perm gen  total 12288K, used 637K [0x34710000, 0x35310000, 0x38710000)
   the space 12288K,   5% used [0x34710000, 0x347af590, 0x347af600, 0x35310000)
    ro space 10240K,  44% used [0x38710000, 0x38b88300, 0x38b88400, 0x39110000)
    rw space 12288K,  52% used [0x39110000, 0x3975f100, 0x3975f200, 0x39d10000)
}

